Start testing: Jun 21 00:58 SE Asia Standard Time
----------------------------------------------------------
1/1 Testing: Gmock1
1/1 Test: Gmock1
Command: "D:/C++/build/test/Gmock1.exe"
Directory: D:/C++/build/test
"Gmock1" start time: Jun 21 00:58 SE Asia Standard Time
Output:
----------------------------------------------------------
Running main() from D:\C++\GoogleTest\googletest\googletest\src\gtest_main.cc
[==========] Running 1 test from 1 test suite.
[----------] Global test environment set-up.
[----------] 1 test from GumballTest
[ RUN      ] GumballTest.gumballSomething
11D:\C++\GoogleTest\test\Gmock1.cpp:90: Failure
Mock function called more times than expected - returning directly.
    Function call: dispensePrize()
         Expected: to be called once
           Actual: called twice - over-saturated and active
001D:\C++\GoogleTest\test\Gmock1.cpp:90: Failure
Mock function called more times than expected - returning directly.
    Function call: dispensePrize()
         Expected: to be called once
           Actual: called 3 times - over-saturated and active
00D:\C++\GoogleTest\test\Gmock1.cpp:88: Failure
Actual function call count doesn't match EXPECT_CALL(mockGumball, getGumballs())...
         Expected: to be called at least 10 times
           Actual: called 8 times - unsatisfied and active
D:\C++\GoogleTest\test\Gmock1.cpp:89: Failure
Actual function call count doesn't match EXPECT_CALL(mockGumball, isWin())...
         Expected: to be called at least 10 times
           Actual: called 7 times - unsatisfied and active
D:\C++\GoogleTest\test\Gmock1.cpp:87: Failure
Actual function call count doesn't match EXPECT_CALL(mockGumball, dispenseGumball())...
         Expected: to be called at least 10 times
           Actual: called 7 times - unsatisfied and active
D:\C++\GoogleTest\test\Gmock1.cpp:86: Failure
Actual function call count doesn't match EXPECT_CALL(mockGumball, turnCrank())...
         Expected: to be called at least 10 times
           Actual: called 8 times - unsatisfied and active
[  FAILED  ] GumballTest.gumballSomething (0 ms)
[----------] 1 test from GumballTest (0 ms total)

[----------] Global test environment tear-down
[==========] 1 test from 1 test suite ran. (0 ms total)
[  PASSED  ] 0 tests.
[  FAILED  ] 1 test, listed below:
[  FAILED  ] GumballTest.gumballSomething

 1 FAILED TEST
<end of output>
Test time =   0.15 sec
----------------------------------------------------------
Test Failed.
"Gmock1" end time: Jun 21 00:58 SE Asia Standard Time
"Gmock1" time elapsed: 00:00:00
----------------------------------------------------------

End testing: Jun 21 00:58 SE Asia Standard Time
