Start testing: Jun 09 23:16 SE Asia Standard Time
----------------------------------------------------------
1/1 Testing: AssertionResult
1/1 Test: AssertionResult
Command: "D:/C++/build/test/AssertionResult.exe"
Directory: D:/C++/build/test
"AssertionResult" start time: Jun 09 23:16 SE Asia Standard Time
Output:
----------------------------------------------------------
Running main() from D:\C++\GoogleTest\googletest\googletest\src\gtest_main.cc
[==========] Running 1 test from 1 test suite.
[----------] Global test environment set-up.
[----------] 1 test from AssertionResult
[ RUN      ] AssertionResult.evenOdd
D:\C++\GoogleTest\test\AssertionResult.cpp:10: Failure
Value of: IsEven(3)
  Actual: false (3 is odd)
Expected: true
[  FAILED  ] AssertionResult.evenOdd (0 ms)
[----------] 1 test from AssertionResult (0 ms total)

[----------] Global test environment tear-down
[==========] 1 test from 1 test suite ran. (0 ms total)
[  PASSED  ] 0 tests.
[  FAILED  ] 1 test, listed below:
[  FAILED  ] AssertionResult.evenOdd

 1 FAILED TEST
<end of output>
Test time =   0.06 sec
----------------------------------------------------------
Test Failed.
"AssertionResult" end time: Jun 09 23:16 SE Asia Standard Time
"AssertionResult" time elapsed: 00:00:00
----------------------------------------------------------

End testing: Jun 09 23:16 SE Asia Standard Time
