<?xml version="1.0" encoding="UTF-8"?>
<Site BuildName="Win32-mingw32-make"
	BuildStamp="20220621-0852-Experimental"
	Name="TruongVanHuy"
	Generator="ctest-3.23.2"
	CompilerName="C:/Program Files/mingw-w64/x86_64-8.1.0-posix-seh-rt_v6-rev0/mingw64/bin/g++.exe"
	CompilerVersion="8.1.0"
	OSName="Windows"
	Hostname="TruongVanHuy"
	OSRelease=" Personal"
	OSVersion=" (Build 18363)"
	OSPlatform="AMD64"
	Is64Bits="1"
	VendorString="GenuineIntel"
	VendorID="Intel Corporation"
	FamilyID="6"
	ModelID="14"
	ProcessorCacheSize="-1"
	NumberOfLogicalCPU="8"
	NumberOfPhysicalCPU="4"
	TotalVirtualMemory="15746"
	TotalPhysicalMemory="8066"
	LogicalProcessorsPerPhysical="2"
	ProcessorClockFrequency="1800"
	>
	<Testing>
		<StartDateTime>Jun 22 00:22 SE Asia Standard Time</StartDateTime>
		<StartTestTime>1655832125</StartTestTime>
		<TestList>
			<Test>./test/ParametterizedTest</Test>
		</TestList>
		<Test Status="failed">
			<Name>ParametterizedTest</Name>
			<Path>./test</Path>
			<FullName>./test/ParametterizedTest</FullName>
			<FullCommandLine>D:\C++\build\test\ParametterizedTest.exe</FullCommandLine>
			<Results>
				<NamedMeasurement type="text/string" name="Exit Code">
					<Value>Failed</Value>
				</NamedMeasurement>
				<NamedMeasurement type="text/string" name="Exit Value">
					<Value>1</Value>
				</NamedMeasurement>
				<NamedMeasurement type="numeric/double" name="Execution Time">
					<Value>0.0439386</Value>
				</NamedMeasurement>
				<NamedMeasurement type="numeric/double" name="Processors">
					<Value>1</Value>
				</NamedMeasurement>
				<NamedMeasurement type="text/string" name="Completion Status">
					<Value>Completed</Value>
				</NamedMeasurement>
				<NamedMeasurement type="text/string" name="Command Line">
					<Value>D:\C++\build\test\ParametterizedTest.exe</Value>
				</NamedMeasurement>
				<NamedMeasurement type="text/string" name="Environment">
					<Value>#CTEST_RESOURCE_GROUP_COUNT=</Value>
				</NamedMeasurement>
				<Measurement>
					<Value encoding="base64" compression="gzip">eJzVVE1rAjEQvedXzFFR12+QBQviF9JiRW0vKiWuo4ZmkyXJ1tJf32xWpNoWRO2hc9nJzsybl7ezM46FYGIDIWUik4W1kiF0/Hk7l5v3pdxwnKI2841zzYmrVTDfJN5LUu0FAZk1D7aA8R66DkmOTrHL7gA6ZgY9MiscbAF9LpeUp3EUb0xJEaKwuWgKcXSSfAQ6Uix0RG27ojsM43CJakQVDS1XlcTIDMZPQ3C2OK/EG2gXam8xeC2WLEJqj/cXIkCmBKHOXk2lfDWV8q2oVK6mUrkVlSr5PrluUPc1toh94MoVBlHkVxs+9CjjsULyTHmMINc+RAlg4Y7pL00zwj2yBKAVmJhyH9aUayTd9wgDgysfjIoxkaLXGjx0O5feIA+7LSqEPhqXZn/JJpTrt1Ko9u8Vqv2sUOOg0HVLIoUBIw3lWXLefjJIVWEld+J4/f269kBR4R03sqqMWpNJqko1LfSOtaqkb/PAmbZywhK53Pl/NnF/9qEIsVfZI0+7k+mEfALl/yzl====</Value>
				</Measurement>
			</Results>
		</Test>
		<EndDateTime>Jun 22 00:22 SE Asia Standard Time</EndDateTime>
		<EndTestTime>1655832125</EndTestTime>
		<ElapsedMinutes>0</ElapsedMinutes>
	</Testing>
</Site>
